<?xml version="1.0" encoding="UTF-8"?>
<testsuite xmlns:xsi="http://www.w3.org/2001/XMLSchema-instance" xsi:noNamespaceSchemaLocation="https://maven.apache.org/surefire/maven-surefire-plugin/xsd/surefire-test-report-3.0.xsd" version="3.0" name="dk.lyngby.daos.UserDAOTest" time="1.904" tests="8" errors="0" skipped="0" failures="0">
  <properties>
[...]
</properties>
  <testcase name="getInstance" classname="dk.lyngby.daos.UserDAOTest" time="0.247">
    <system-out><![CDATA[Hibernate: delete from user_roles
Hibernate: delete from users
Hibernate: delete from user_roles
Hibernate: delete from roles
Hibernate: insert into roles (role_name) values (?)
Hibernate: insert into roles (role_name) values (?)
Hibernate: insert into users (user_password,user_name) values (?,?)
Hibernate: insert into users (user_password,user_name) values (?,?)
Hibernate: insert into users (user_password,user_name) values (?,?)
Hibernate: insert into user_roles (user_name,role_name) values (?,?)
Hibernate: insert into user_roles (user_name,role_name) values (?,?)
Hibernate: insert into user_roles (user_name,role_name) values (?,?)
Hibernate: insert into user_roles (user_name,role_name) values (?,?)
]]></system-out>
  </testcase>
  <testcase name="createUserWithExistingUsername" classname="dk.lyngby.daos.UserDAOTest" time="0.257">
    <system-out><![CDATA[Hibernate: delete from user_roles
Hibernate: delete from users
Hibernate: delete from user_roles
Hibernate: delete from roles
Hibernate: insert into roles (role_name) values (?)
Hibernate: insert into roles (role_name) values (?)
Hibernate: insert into users (user_password,user_name) values (?,?)
Hibernate: insert into users (user_password,user_name) values (?,?)
Hibernate: insert into users (user_password,user_name) values (?,?)
Hibernate: insert into user_roles (user_name,role_name) values (?,?)
Hibernate: insert into user_roles (user_name,role_name) values (?,?)
Hibernate: insert into user_roles (user_name,role_name) values (?,?)
Hibernate: insert into user_roles (user_name,role_name) values (?,?)
Hibernate: select r1_0.role_name from roles r1_0 where r1_0.role_name=?
Hibernate: insert into users (user_password,user_name) values (?,?)
2023-11-27 10:52:10,979 [main] &amp#27;[31mWARN &amp#27;[0;39m &amp#27;[36mo.h.e.jdbc.spi.SqlExceptionHelper&amp#27;[0;39m - &amp#27;[32mSQL Error: 0, SQLState: 23505
&amp#27;[0;39m2023-11-27 10:52:10,979 [main] &amp#27;[1;31mERROR&amp#27;[0;39m &amp#27;[36mo.h.e.jdbc.spi.SqlExceptionHelper&amp#27;[0;39m - &amp#27;[32mERROR: duplicate key value violates unique constraint "users_pkey"
  Detail: Key (user_name)=(user) already exists.
&amp#27;[0;39m]]></system-out>
  </testcase>
  <testcase name="createUserWithNewRole" classname="dk.lyngby.daos.UserDAOTest" time="0.245">
    <system-out><![CDATA[Hibernate: delete from user_roles
Hibernate: delete from users
Hibernate: delete from user_roles
Hibernate: delete from roles
Hibernate: insert into roles (role_name) values (?)
Hibernate: insert into roles (role_name) values (?)
Hibernate: insert into users (user_password,user_name) values (?,?)
Hibernate: insert into users (user_password,user_name) values (?,?)
Hibernate: insert into users (user_password,user_name) values (?,?)
Hibernate: insert into user_roles (user_name,role_name) values (?,?)
Hibernate: insert into user_roles (user_name,role_name) values (?,?)
Hibernate: insert into user_roles (user_name,role_name) values (?,?)
Hibernate: insert into user_roles (user_name,role_name) values (?,?)
Hibernate: select r1_0.role_name from roles r1_0 where r1_0.role_name=?
Hibernate: insert into roles (role_name) values (?)
Hibernate: insert into users (user_password,user_name) values (?,?)
Hibernate: insert into user_roles (user_name,role_name) values (?,?)
]]></system-out>
  </testcase>
  <testcase name="getVerifiedUser(String, String)[1]" classname="dk.lyngby.daos.UserDAOTest" time="0.257">
    <system-out><![CDATA[Hibernate: delete from user_roles
Hibernate: delete from users
Hibernate: delete from user_roles
Hibernate: delete from roles
Hibernate: insert into roles (role_name) values (?)
Hibernate: insert into roles (role_name) values (?)
Hibernate: insert into users (user_password,user_name) values (?,?)
Hibernate: insert into users (user_password,user_name) values (?,?)
Hibernate: insert into users (user_password,user_name) values (?,?)
Hibernate: insert into user_roles (user_name,role_name) values (?,?)
Hibernate: insert into user_roles (user_name,role_name) values (?,?)
Hibernate: insert into user_roles (user_name,role_name) values (?,?)
Hibernate: insert into user_roles (user_name,role_name) values (?,?)
Hibernate: select u1_0.user_name,r1_0.user_name,r1_1.role_name,u1_0.user_password from users u1_0 left join (user_roles r1_0 join roles r1_1 on r1_1.role_name=r1_0.role_name) on u1_0.user_name=r1_0.user_name where u1_0.user_name=?
]]></system-out>
  </testcase>
  <testcase name="getVerifiedUser(String, String)[2]" classname="dk.lyngby.daos.UserDAOTest" time="0.248">
    <system-out><![CDATA[Hibernate: delete from user_roles
Hibernate: delete from users
Hibernate: delete from user_roles
Hibernate: delete from roles
Hibernate: insert into roles (role_name) values (?)
Hibernate: insert into roles (role_name) values (?)
Hibernate: insert into users (user_password,user_name) values (?,?)
Hibernate: insert into users (user_password,user_name) values (?,?)
Hibernate: insert into users (user_password,user_name) values (?,?)
Hibernate: insert into user_roles (user_name,role_name) values (?,?)
Hibernate: insert into user_roles (user_name,role_name) values (?,?)
Hibernate: insert into user_roles (user_name,role_name) values (?,?)
Hibernate: insert into user_roles (user_name,role_name) values (?,?)
Hibernate: select u1_0.user_name,r1_0.user_name,r1_1.role_name,u1_0.user_password from users u1_0 left join (user_roles r1_0 join roles r1_1 on r1_1.role_name=r1_0.role_name) on u1_0.user_name=r1_0.user_name where u1_0.user_name=?
]]></system-out>
  </testcase>
  <testcase name="createRole" classname="dk.lyngby.daos.UserDAOTest" time="0.181">
    <system-out><![CDATA[Hibernate: delete from user_roles
Hibernate: delete from users
Hibernate: delete from user_roles
Hibernate: delete from roles
Hibernate: insert into roles (role_name) values (?)
Hibernate: insert into roles (role_name) values (?)
Hibernate: insert into users (user_password,user_name) values (?,?)
Hibernate: insert into users (user_password,user_name) values (?,?)
Hibernate: insert into users (user_password,user_name) values (?,?)
Hibernate: insert into user_roles (user_name,role_name) values (?,?)
Hibernate: insert into user_roles (user_name,role_name) values (?,?)
Hibernate: insert into user_roles (user_name,role_name) values (?,?)
Hibernate: insert into user_roles (user_name,role_name) values (?,?)
Hibernate: insert into roles (role_name) values (?)
]]></system-out>
  </testcase>
  <testcase name="createUser" classname="dk.lyngby.daos.UserDAOTest" time="0.242">
    <system-out><![CDATA[Hibernate: delete from user_roles
Hibernate: delete from users
Hibernate: delete from user_roles
Hibernate: delete from roles
Hibernate: insert into roles (role_name) values (?)
Hibernate: insert into roles (role_name) values (?)
Hibernate: insert into users (user_password,user_name) values (?,?)
Hibernate: insert into users (user_password,user_name) values (?,?)
Hibernate: insert into users (user_password,user_name) values (?,?)
Hibernate: insert into user_roles (user_name,role_name) values (?,?)
Hibernate: insert into user_roles (user_name,role_name) values (?,?)
Hibernate: insert into user_roles (user_name,role_name) values (?,?)
Hibernate: insert into user_roles (user_name,role_name) values (?,?)
Hibernate: select r1_0.role_name from roles r1_0 where r1_0.role_name=?
Hibernate: insert into users (user_password,user_name) values (?,?)
Hibernate: insert into user_roles (user_name,role_name) values (?,?)
]]></system-out>
  </testcase>
  <testcase name="getVerifiedUserWithIncorrectCredentials" classname="dk.lyngby.daos.UserDAOTest" time="0.189">
    <system-out><![CDATA[Hibernate: delete from user_roles
Hibernate: delete from users
Hibernate: delete from user_roles
Hibernate: delete from roles
Hibernate: insert into roles (role_name) values (?)
Hibernate: insert into roles (role_name) values (?)
Hibernate: insert into users (user_password,user_name) values (?,?)
Hibernate: insert into users (user_password,user_name) values (?,?)
Hibernate: insert into users (user_password,user_name) values (?,?)
Hibernate: insert into user_roles (user_name,role_name) values (?,?)
Hibernate: insert into user_roles (user_name,role_name) values (?,?)
Hibernate: insert into user_roles (user_name,role_name) values (?,?)
Hibernate: insert into user_roles (user_name,role_name) values (?,?)
Hibernate: select u1_0.user_name,r1_0.user_name,r1_1.role_name,u1_0.user_password from users u1_0 left join (user_roles r1_0 join roles r1_1 on r1_1.role_name=r1_0.role_name) on u1_0.user_name=r1_0.user_name where u1_0.user_name=?
]]></system-out>
  </testcase>
</testsuite>