<?xml version="1.0" encoding="UTF-8"?>
<testsuite xmlns:xsi="http://www.w3.org/2001/XMLSchema-instance" xsi:noNamespaceSchemaLocation="https://maven.apache.org/surefire/maven-surefire-plugin/xsd/surefire-test-report-3.0.xsd" version="3.0" name="dk.lyngby.controller.security.AuthControllerTest" time="0.032" tests="3" errors="0" skipped="0" failures="0">
  <properties>
[...]
</properties>
  <testcase name="register" classname="dk.lyngby.controller.security.AuthControllerTest" time="0.016"/>
  <testcase name="login" classname="dk.lyngby.controller.security.AuthControllerTest" time="0"/>
  <testcase name="validateUser" classname="dk.lyngby.controller.security.AuthControllerTest" time="0.001"/>
</testsuite>