<?xml version="1.0" encoding="UTF-8"?>
<testsuite xmlns:xsi="http://www.w3.org/2001/XMLSchema-instance" xsi:noNamespaceSchemaLocation="https://maven.apache.org/surefire/maven-surefire-plugin/xsd/surefire-test-report-3.0.xsd" version="3.0" name="dk.lyngby.dao.PersonDaoTest" time="6.721" tests="5" errors="0" skipped="0" failures="0">
  <properties>
[...]
</properties>
  <testcase name="create" classname="dk.lyngby.dao.PersonDaoTest" time="0.169">
    <system-out><![CDATA[2024-06-27 08:51:56,797 [main] &amp#27;[34mINFO &amp#27;[0;39m &amp#27;[36morg.hibernate.Version&amp#27;[0;39m - &amp#27;[32mHHH000412: Hibernate ORM core version 6.2.4.Final
&amp#27;[0;39m2024-06-27 08:51:56,803 [main] &amp#27;[34mINFO &amp#27;[0;39m &amp#27;[36morg.hibernate.cfg.Environment&amp#27;[0;39m - &amp#27;[32mHHH000406: Using bytecode reflection optimizer
&amp#27;[0;39m2024-06-27 08:51:56,933 [main] &amp#27;[31mWARN &amp#27;[0;39m &amp#27;[36mo.hibernate.orm.connections.pooling&amp#27;[0;39m - &amp#27;[32mHHH10001002: Using built-in connection pool (not intended for production use)
&amp#27;[0;39m2024-06-27 08:51:56,935 [main] &amp#27;[34mINFO &amp#27;[0;39m &amp#27;[36mo.hibernate.orm.connections.pooling&amp#27;[0;39m - &amp#27;[32mHHH10001005: Loaded JDBC driver class: org.testcontainers.jdbc.ContainerDatabaseDriver
&amp#27;[0;39m2024-06-27 08:51:56,935 [main] &amp#27;[34mINFO &amp#27;[0;39m &amp#27;[36mo.hibernate.orm.connections.pooling&amp#27;[0;39m - &amp#27;[32mHHH10001012: Connecting with JDBC URL [jdbc:tc:postgresql:15.3-alpine3.18:///testdb]
&amp#27;[0;39m2024-06-27 08:51:56,936 [main] &amp#27;[34mINFO &amp#27;[0;39m &amp#27;[36mo.hibernate.orm.connections.pooling&amp#27;[0;39m - &amp#27;[32mHHH10001001: Connection properties: {password=****, user=postgres}
&amp#27;[0;39m2024-06-27 08:51:56,936 [main] &amp#27;[34mINFO &amp#27;[0;39m &amp#27;[36mo.hibernate.orm.connections.pooling&amp#27;[0;39m - &amp#27;[32mHHH10001003: Autocommit mode: false
&amp#27;[0;39m2024-06-27 08:51:56,937 [main] &amp#27;[34mINFO &amp#27;[0;39m &amp#27;[36mo.hibernate.orm.connections.pooling&amp#27;[0;39m - &amp#27;[32mHHH10001115: Connection pool size: 20 (min=1)
&amp#27;[0;39m2024-06-27 08:51:56,961 [main] &amp#27;[34mINFO &amp#27;[0;39m &amp#27;[36mo.testcontainers.images.PullPolicy&amp#27;[0;39m - &amp#27;[32mImage pull policy will be performed by: DefaultPullPolicy()
&amp#27;[0;39m2024-06-27 08:51:56,962 [main] &amp#27;[34mINFO &amp#27;[0;39m &amp#27;[36mo.t.utility.ImageNameSubstitutor&amp#27;[0;39m - &amp#27;[32mImage name substitution will be performed by: DefaultImageNameSubstitutor (composite of 'ConfigurationFileImageNameSubstitutor' and 'PrefixingImageNameSubstitutor')
&amp#27;[0;39m2024-06-27 08:51:57,126 [main] &amp#27;[34mINFO &amp#27;[0;39m &amp#27;[36mo.t.d.DockerClientProviderStrategy&amp#27;[0;39m - &amp#27;[32mLoaded org.testcontainers.dockerclient.UnixSocketClientProviderStrategy from ~/.testcontainers.properties, will try it first
&amp#27;[0;39m2024-06-27 08:51:57,329 [main] &amp#27;[34mINFO &amp#27;[0;39m &amp#27;[36mo.t.d.DockerClientProviderStrategy&amp#27;[0;39m - &amp#27;[32mFound Docker environment with local Unix socket (unix:///var/run/docker.sock)
&amp#27;[0;39m2024-06-27 08:51:57,330 [main] &amp#27;[34mINFO &amp#27;[0;39m &amp#27;[36mo.testcontainers.DockerClientFactory&amp#27;[0;39m - &amp#27;[32mDocker host IP address is localhost
&amp#27;[0;39m2024-06-27 08:51:57,343 [main] &amp#27;[34mINFO &amp#27;[0;39m &amp#27;[36mo.testcontainers.DockerClientFactory&amp#27;[0;39m - &amp#27;[32mConnected to docker: 
  Server Version: 27.0.1
  API Version: 1.46
  Operating System: Pop!_OS 22.04 LTS
  Total Memory: 15347 MB
&amp#27;[0;39m2024-06-27 08:51:57,371 [main] &amp#27;[34mINFO &amp#27;[0;39m &amp#27;[36mtc.testcontainers/ryuk:0.6.0&amp#27;[0;39m - &amp#27;[32mPulling docker image: testcontainers/ryuk:0.6.0. Please be patient; this may take some time but only needs to be done once.
&amp#27;[0;39m2024-06-27 08:51:59,138 [docker-java-stream-174193782] &amp#27;[34mINFO &amp#27;[0;39m &amp#27;[36mtc.testcontainers/ryuk:0.6.0&amp#27;[0;39m - &amp#27;[32mStarting to pull image
&amp#27;[0;39m2024-06-27 08:51:59,152 [docker-java-stream-174193782] &amp#27;[34mINFO &amp#27;[0;39m &amp#27;[36mtc.testcontainers/ryuk:0.6.0&amp#27;[0;39m - &amp#27;[32mPulling image layers:  0 pending,  0 downloaded,  0 extracted, (0 bytes/0 bytes)
&amp#27;[0;39m2024-06-27 08:52:00,073 [docker-java-stream-174193782] &amp#27;[34mINFO &amp#27;[0;39m &amp#27;[36mtc.testcontainers/ryuk:0.6.0&amp#27;[0;39m - &amp#27;[32mPulling image layers:  2 pending,  1 downloaded,  0 extracted, (66 KB/? MB)
&amp#27;[0;39m2024-06-27 08:52:00,176 [docker-java-stream-174193782] &amp#27;[34mINFO &amp#27;[0;39m &amp#27;[36mtc.testcontainers/ryuk:0.6.0&amp#27;[0;39m - &amp#27;[32mPulling image layers:  1 pending,  2 downloaded,  0 extracted, (5 MB/? MB)
&amp#27;[0;39m2024-06-27 08:52:00,177 [docker-java-stream-174193782] &amp#27;[34mINFO &amp#27;[0;39m &amp#27;[36mtc.testcontainers/ryuk:0.6.0&amp#27;[0;39m - &amp#27;[32mPulling image layers:  0 pending,  3 downloaded,  0 extracted, (5 MB/6 MB)
&amp#27;[0;39m2024-06-27 08:52:00,261 [docker-java-stream-174193782] &amp#27;[34mINFO &amp#27;[0;39m &amp#27;[36mtc.testcontainers/ryuk:0.6.0&amp#27;[0;39m - &amp#27;[32mPulling image layers:  0 pending,  3 downloaded,  1 extracted, (5 MB/6 MB)
&amp#27;[0;39m2024-06-27 08:52:00,321 [docker-java-stream-174193782] &amp#27;[34mINFO &amp#27;[0;39m &amp#27;[36mtc.testcontainers/ryuk:0.6.0&amp#27;[0;39m - &amp#27;[32mPulling image layers:  0 pending,  3 downloaded,  2 extracted, (5 MB/6 MB)
&amp#27;[0;39m2024-06-27 08:52:00,352 [docker-java-stream-174193782] &amp#27;[34mINFO &amp#27;[0;39m &amp#27;[36mtc.testcontainers/ryuk:0.6.0&amp#27;[0;39m - &amp#27;[32mPulling image layers:  0 pending,  3 downloaded,  3 extracted, (6 MB/6 MB)
&amp#27;[0;39m2024-06-27 08:52:00,362 [docker-java-stream-174193782] &amp#27;[34mINFO &amp#27;[0;39m &amp#27;[36mtc.testcontainers/ryuk:0.6.0&amp#27;[0;39m - &amp#27;[32mPull complete. 3 layers, pulled in 1s (downloaded 6 MB at 6 MB/s)
&amp#27;[0;39m2024-06-27 08:52:00,362 [main] &amp#27;[34mINFO &amp#27;[0;39m &amp#27;[36mtc.testcontainers/ryuk:0.6.0&amp#27;[0;39m - &amp#27;[32mImage testcontainers/ryuk:0.6.0 pull took PT2.989844794S
&amp#27;[0;39m2024-06-27 08:52:00,376 [main] &amp#27;[34mINFO &amp#27;[0;39m &amp#27;[36mtc.testcontainers/ryuk:0.6.0&amp#27;[0;39m - &amp#27;[32mCreating container for image: testcontainers/ryuk:0.6.0
&amp#27;[0;39m2024-06-27 08:52:00,453 [main] &amp#27;[34mINFO &amp#27;[0;39m &amp#27;[36mtc.testcontainers/ryuk:0.6.0&amp#27;[0;39m - &amp#27;[32mContainer testcontainers/ryuk:0.6.0 is starting: f87776e1dc2775e0aae8fee9f08a910dfa30b0e34a7eb2cc469a0a062c4a5002
&amp#27;[0;39m2024-06-27 08:52:00,687 [main] &amp#27;[34mINFO &amp#27;[0;39m &amp#27;[36mtc.testcontainers/ryuk:0.6.0&amp#27;[0;39m - &amp#27;[32mContainer testcontainers/ryuk:0.6.0 started in PT0.311571382S
&amp#27;[0;39m2024-06-27 08:52:00,691 [main] &amp#27;[34mINFO &amp#27;[0;39m &amp#27;[36mo.t.utility.RyukResourceReaper&amp#27;[0;39m - &amp#27;[32mRyuk started - will monitor and terminate Testcontainers containers on JVM exit
&amp#27;[0;39m2024-06-27 08:52:00,691 [main] &amp#27;[34mINFO &amp#27;[0;39m &amp#27;[36mo.testcontainers.DockerClientFactory&amp#27;[0;39m - &amp#27;[32mChecking the system...
&amp#27;[0;39m2024-06-27 08:52:00,692 [main] &amp#27;[34mINFO &amp#27;[0;39m &amp#27;[36mo.testcontainers.DockerClientFactory&amp#27;[0;39m - &amp#27;[32m✔︎ Docker server version should be at least 1.6.0
&amp#27;[0;39m2024-06-27 08:52:00,693 [main] &amp#27;[34mINFO &amp#27;[0;39m &amp#27;[36mtc.postgres:15.3-alpine3.18&amp#27;[0;39m - &amp#27;[32mCreating container for image: postgres:15.3-alpine3.18
&amp#27;[0;39m2024-06-27 08:52:00,718 [main] &amp#27;[34mINFO &amp#27;[0;39m &amp#27;[36mtc.postgres:15.3-alpine3.18&amp#27;[0;39m - &amp#27;[32mContainer postgres:15.3-alpine3.18 is starting: 39d512b672547ebb1e751eed4696eb24f76a630e3afad084652480fd05828bfb
&amp#27;[0;39m2024-06-27 08:52:02,171 [main] &amp#27;[34mINFO &amp#27;[0;39m &amp#27;[36mtc.postgres:15.3-alpine3.18&amp#27;[0;39m - &amp#27;[32mContainer postgres:15.3-alpine3.18 started in PT1.478593014S
&amp#27;[0;39m2024-06-27 08:52:02,172 [main] &amp#27;[34mINFO &amp#27;[0;39m &amp#27;[36mtc.postgres:15.3-alpine3.18&amp#27;[0;39m - &amp#27;[32mContainer is started (JDBC URL: jdbc:postgresql://localhost:32769/test?loggerLevel=OFF)
&amp#27;[0;39m2024-06-27 08:52:02,548 [main] &amp#27;[34mINFO &amp#27;[0;39m &amp#27;[36mo.h.b.i.BytecodeProviderInitiator&amp#27;[0;39m - &amp#27;[32mHHH000021: Bytecode provider name : bytebuddy
&amp#27;[0;39m2024-06-27 08:52:03,033 [main] &amp#27;[34mINFO &amp#27;[0;39m &amp#27;[36mo.h.e.t.j.p.i.JtaPlatformInitiator&amp#27;[0;39m - &amp#27;[32mHHH000490: Using JtaPlatform implementation: [org.hibernate.engine.transaction.jta.platform.internal.NoJtaPlatform]
&amp#27;[0;39mHibernate: alter table if exists user_roles drop constraint if exists FKdcdh0gl1mdce42vy0klyio6fi
2024-06-27 08:52:03,044 [main] &amp#27;[34mINFO &amp#27;[0;39m &amp#27;[36mo.hibernate.orm.connections.access&amp#27;[0;39m - &amp#27;[32mHHH10001501: Connection obtained from JdbcConnectionAccess [org.hibernate.engine.jdbc.env.internal.JdbcEnvironmentInitiator$ConnectionProviderJdbcConnectionAccess@b34c7c9] for (non-JTA) DDL execution was not in auto-commit mode; the Connection 'local transaction' will be committed and the Connection will be set into auto-commit mode.
&amp#27;[0;39m2024-06-27 08:52:03,047 [main] &amp#27;[31mWARN &amp#27;[0;39m &amp#27;[36mo.h.e.jdbc.spi.SqlExceptionHelper&amp#27;[0;39m - &amp#27;[32mSQL Warning Code: 0, SQLState: 00000
&amp#27;[0;39m2024-06-27 08:52:03,047 [main] &amp#27;[31mWARN &amp#27;[0;39m &amp#27;[36mo.h.e.jdbc.spi.SqlExceptionHelper&amp#27;[0;39m - &amp#27;[32mrelation "user_roles" does not exist, skipping
&amp#27;[0;39mHibernate: alter table if exists user_roles drop constraint if exists FKscvbq0n9bo03s7w6ujfyrtg4a
2024-06-27 08:52:03,048 [main] &amp#27;[31mWARN &amp#27;[0;39m &amp#27;[36mo.h.e.jdbc.spi.SqlExceptionHelper&amp#27;[0;39m - &amp#27;[32mSQL Warning Code: 0, SQLState: 00000
&amp#27;[0;39m2024-06-27 08:52:03,048 [main] &amp#27;[31mWARN &amp#27;[0;39m &amp#27;[36mo.h.e.jdbc.spi.SqlExceptionHelper&amp#27;[0;39m - &amp#27;[32mrelation "user_roles" does not exist, skipping
&amp#27;[0;39mHibernate: drop table if exists person cascade
2024-06-27 08:52:03,049 [main] &amp#27;[31mWARN &amp#27;[0;39m &amp#27;[36mo.h.e.jdbc.spi.SqlExceptionHelper&amp#27;[0;39m - &amp#27;[32mSQL Warning Code: 0, SQLState: 00000
&amp#27;[0;39m2024-06-27 08:52:03,049 [main] &amp#27;[31mWARN &amp#27;[0;39m &amp#27;[36mo.h.e.jdbc.spi.SqlExceptionHelper&amp#27;[0;39m - &amp#27;[32mtable "person" does not exist, skipping
&amp#27;[0;39mHibernate: drop table if exists roles cascade
2024-06-27 08:52:03,049 [main] &amp#27;[31mWARN &amp#27;[0;39m &amp#27;[36mo.h.e.jdbc.spi.SqlExceptionHelper&amp#27;[0;39m - &amp#27;[32mSQL Warning Code: 0, SQLState: 00000
&amp#27;[0;39m2024-06-27 08:52:03,049 [main] &amp#27;[31mWARN &amp#27;[0;39m &amp#27;[36mo.h.e.jdbc.spi.SqlExceptionHelper&amp#27;[0;39m - &amp#27;[32mtable "roles" does not exist, skipping
&amp#27;[0;39mHibernate: drop table if exists user_roles cascade
2024-06-27 08:52:03,050 [main] &amp#27;[31mWARN &amp#27;[0;39m &amp#27;[36mo.h.e.jdbc.spi.SqlExceptionHelper&amp#27;[0;39m - &amp#27;[32mSQL Warning Code: 0, SQLState: 00000
&amp#27;[0;39m2024-06-27 08:52:03,050 [main] &amp#27;[31mWARN &amp#27;[0;39m &amp#27;[36mo.h.e.jdbc.spi.SqlExceptionHelper&amp#27;[0;39m - &amp#27;[32mtable "user_roles" does not exist, skipping
&amp#27;[0;39mHibernate: drop table if exists users cascade
2024-06-27 08:52:03,050 [main] &amp#27;[31mWARN &amp#27;[0;39m &amp#27;[36mo.h.e.jdbc.spi.SqlExceptionHelper&amp#27;[0;39m - &amp#27;[32mSQL Warning Code: 0, SQLState: 00000
&amp#27;[0;39m2024-06-27 08:52:03,050 [main] &amp#27;[31mWARN &amp#27;[0;39m &amp#27;[36mo.h.e.jdbc.spi.SqlExceptionHelper&amp#27;[0;39m - &amp#27;[32mtable "users" does not exist, skipping
&amp#27;[0;39mHibernate: create table person (age integer not null, id serial not null, name varchar(255) not null, primary key (id))
2024-06-27 08:52:03,054 [main] &amp#27;[34mINFO &amp#27;[0;39m &amp#27;[36mo.hibernate.orm.connections.access&amp#27;[0;39m - &amp#27;[32mHHH10001501: Connection obtained from JdbcConnectionAccess [org.hibernate.engine.jdbc.env.internal.JdbcEnvironmentInitiator$ConnectionProviderJdbcConnectionAccess@70777a65] for (non-JTA) DDL execution was not in auto-commit mode; the Connection 'local transaction' will be committed and the Connection will be set into auto-commit mode.
&amp#27;[0;39mHibernate: create table roles (role_name varchar(255) not null check (role_name in ('USER','SUPERVISOR','ADMIN','MANAGER','ANYONE')), primary key (role_name))
Hibernate: create table user_roles (role_name varchar(255) not null, user_name varchar(255) not null, primary key (role_name, user_name))
Hibernate: create table users (user_name varchar(255) not null, user_password varchar(255) not null, primary key (user_name))
Hibernate: alter table if exists user_roles add constraint FKdcdh0gl1mdce42vy0klyio6fi foreign key (role_name) references roles
Hibernate: alter table if exists user_roles add constraint FKscvbq0n9bo03s7w6ujfyrtg4a foreign key (user_name) references users
Hibernate: delete from person
Hibernate: insert into person (age,name) values (?,?)
Hibernate: insert into person (age,name) values (?,?)
Hibernate: insert into person (age,name) values (?,?)
Hibernate: insert into person (age,name) values (?,?)
]]></system-out>
  </testcase>
  <testcase name="delete" classname="dk.lyngby.dao.PersonDaoTest" time="0.031">
    <system-out><![CDATA[Hibernate: delete from person
Hibernate: insert into person (age,name) values (?,?)
Hibernate: insert into person (age,name) values (?,?)
Hibernate: insert into person (age,name) values (?,?)
Hibernate: select p1_0.id,p1_0.age,p1_0.name from person p1_0 where p1_0.id=?
Hibernate: delete from person where id=?
Hibernate: select p1_0.id,p1_0.age,p1_0.name from person p1_0 where p1_0.id=?
]]></system-out>
  </testcase>
  <testcase name="getAll" classname="dk.lyngby.dao.PersonDaoTest" time="0.05">
    <system-out><![CDATA[Hibernate: delete from person
Hibernate: insert into person (age,name) values (?,?)
Hibernate: insert into person (age,name) values (?,?)
Hibernate: insert into person (age,name) values (?,?)
Hibernate: select p1_0.id,p1_0.age,p1_0.name from person p1_0
]]></system-out>
  </testcase>
  <testcase name="update" classname="dk.lyngby.dao.PersonDaoTest" time="0.015">
    <system-out><![CDATA[Hibernate: delete from person
Hibernate: insert into person (age,name) values (?,?)
Hibernate: insert into person (age,name) values (?,?)
Hibernate: insert into person (age,name) values (?,?)
Hibernate: select p1_0.id,p1_0.age,p1_0.name from person p1_0 where p1_0.id=?
Hibernate: update person set age=?,name=? where id=?
]]></system-out>
  </testcase>
  <testcase name="get" classname="dk.lyngby.dao.PersonDaoTest" time="0.008">
    <system-out><![CDATA[Hibernate: delete from person
Hibernate: insert into person (age,name) values (?,?)
Hibernate: insert into person (age,name) values (?,?)
Hibernate: insert into person (age,name) values (?,?)
Hibernate: select p1_0.id,p1_0.age,p1_0.name from person p1_0 where p1_0.id=?
]]></system-out>
  </testcase>
</testsuite>